<?xml version="1.0" encoding="UTF-8"?>
<!-- Generated by org.testng.reporters.JUnitReportReporter -->
<testsuite hostname="LAPTOP-9A24IAB5" failures="0" tests="1" name="Hrm.ExcelFileReader" time="1.278" errors="0" timestamp="2024-06-13T15:12:27 IST" skipped="0">
  <testcase classname="Hrm.ExcelFileReader" name="Readfiledata" time="1.278"/>
  <system-out/>
</testsuite> <!-- Hrm.ExcelFileReader -->
